<?xml version="1.0" encoding="UTF-8"?>
<!-- Generated by org.testng.reporters.JUnitReportReporter -->
<testsuite name="com.tyss.projectframeworks.scripts.LogiTest" tests="1" time="50.815" ignored="0" failures="0" timestamp="26 Jun 2020 06:29:10 GMT" skipped="0" hostname="DESKTOP-5GKV5A2" errors="0">
  <testcase name="tc_02" time="50.815" classname="com.tyss.projectframeworks.scripts.LogiTest"/>
</testsuite> <!-- com.tyss.projectframeworks.scripts.LogiTest -->
