<?xml version="1.0" encoding="UTF-8"?>
<!-- Generated by org.testng.reporters.JUnitReportReporter -->
<testsuite name="com.tyss.projectframeworks.scripts.EcomLogins" tests="1" time="22.291" ignored="0" failures="0" timestamp="22 Jun 2020 06:02:45 GMT" skipped="0" hostname="DESKTOP-5GKV5A2" errors="0">
  <testcase name="login" time="22.291" classname="com.tyss.projectframeworks.scripts.EcomLogins"/>
</testsuite> <!-- com.tyss.projectframeworks.scripts.EcomLogins -->
