<?xml version="1.0" encoding="UTF-8"?>
<!-- Generated by org.testng.reporters.JUnitReportReporter -->
<testsuite name="com.tyss.projectframeworks.rough.rough" tests="1" time="0.015" ignored="0" failures="0" timestamp="23 Jun 2020 04:11:56 GMT" skipped="0" hostname="DESKTOP-5GKV5A2" errors="0">
  <testcase name="demo1" time="0.015" classname="com.tyss.projectframeworks.rough.rough"/>
</testsuite> <!-- com.tyss.projectframeworks.rough.rough -->
